[*] Loading HTM configuration: ace.conf
[*] Creating and initializing codec.
[*] Forking/Execing target executable examples/smi_agent
[*] Running executable to main() function.
[*] Encoding motor commands from function API.
[*] Target ready!
[*] Connecting cortical sublayers to sensory stream.
[htm] Initialized.
[MAIN] Initiating runs.
[MAIN] iteration 0
[*] Sending current input pattern through layers.
Computing predictions
Computing active states
		[column] cell 0 chosen for learning (first patt)
		[column] cell 0 chosen for learning (first patt)
		[column] cell 0 chosen for learning (first patt)
		[column] cell 0 chosen for learning (first patt)
		[column] cell 0 chosen for learning (first patt)
		[column] cell 0 chosen for learning (first patt)
		[column] cell 0 chosen for learning (first patt)
		[column] cell 0 chosen for learning (first patt)
		[column] cell 0 chosen for learning (first patt)
		[column] cell 0 chosen for learning (first patt)
		[column] cell 0 chosen for learning (first patt)
		[column] cell 0 chosen for learning (first patt)
		[column] cell 0 chosen for learning (first patt)
		[column] cell 0 chosen for learning (first patt)
		[column] cell 0 chosen for learning (first patt)
		[column] cell 0 chosen for learning (first patt)
		[column] cell 0 chosen for learning (first patt)
		[column] cell 0 chosen for learning (first patt)
		[column] cell 0 chosen for learning (first patt)
		[column] cell 0 chosen for learning (first patt)
		[column] cell 0 chosen for learning (first patt)
		[column] cell 0 chosen for learning (first patt)
		[column] cell 0 chosen for learning (first patt)
		[column] cell 0 chosen for learning (first patt)
		[column] cell 0 chosen for learning (first patt)
		[column] cell 0 chosen for learning (first patt)
		[column] cell 0 chosen for learning (first patt)
		[column] cell 0 chosen for learning (first patt)
		[column] cell 0 chosen for learning (first patt)
		[column] cell 0 chosen for learning (first patt)
		[column] cell 0 chosen for learning (first patt)
		[column] cell 0 chosen for learning (first patt)
		[column] cell 0 chosen for learning (first patt)
		[column] cell 0 chosen for learning (first patt)
		[column] cell 0 chosen for learning (first patt)
		[column] cell 0 chosen for learning (first patt)
		[column] cell 0 chosen for learning (first patt)
		[column] cell 0 chosen for learning (first patt)
		[column] cell 0 chosen for learning (first patt)
		[column] cell 0 chosen for learning (first patt)
		[column] cell 0 chosen for learning (first patt)
		[column] cell 0 chosen for learning (first patt)
		[column] cell 0 chosen for learning (first patt)
		[column] cell 0 chosen for learning (first patt)
		[column] cell 0 chosen for learning (first patt)
		[column] cell 0 chosen for learning (first patt)
		[column] cell 0 chosen for learning (first patt)
Running segment updates: total 47
Dequeing (+) 0x09ac4910: Learning cell
Dequeing (+) 0x09aa84d8: Learning cell
Dequeing (+) 0x09ac49d8: Learning cell
Dequeing (+) 0x09ac4a50: Learning cell
Dequeing (+) 0x09ac4928: Learning cell
Dequeing (+) 0x09ac49f0: Learning cell
Dequeing (+) 0x09ac4990: Learning cell
Dequeing (+) 0x09ac49a8: Learning cell
Dequeing (+) 0x09ac49c0: Learning cell
Dequeing (+) 0x09ac4ab0: Learning cell
Dequeing (+) 0x09ac4ac8: Learning cell
Dequeing (+) 0x09ac4ae0: Learning cell
Dequeing (+) 0x09ac4af8: Learning cell
Dequeing (+) 0x09ac4b10: Learning cell
Dequeing (+) 0x09ac4b28: Learning cell
Dequeing (+) 0x09ac4b40: Learning cell
Dequeing (+) 0x09ac4a08: Learning cell
Dequeing (+) 0x09ac4c68: Learning cell
Dequeing (+) 0x09ac4a20: Learning cell
Dequeing (+) 0x09ac4a38: Learning cell
Dequeing (+) 0x09ac4a68: Learning cell
Dequeing (+) 0x09ac4a80: Learning cell
Dequeing (+) 0x09ac4a98: Learning cell
Dequeing (+) 0x09ac4940: Learning cell
Dequeing (+) 0x09ac4958: Learning cell
Dequeing (+) 0x09ac4970: Learning cell
Dequeing (+) 0x09ac4c80: Learning cell
Dequeing (+) 0x09ac4c98: Learning cell
Dequeing (+) 0x09ac4cb0: Learning cell
Dequeing (+) 0x09ac4cc8: Learning cell
Dequeing (+) 0x09ac4ce0: Learning cell
Dequeing (+) 0x09ac4cf8: Learning cell
Dequeing (+) 0x09ac4b58: Learning cell
Dequeing (+) 0x09ac4f20: Learning cell
Dequeing (+) 0x09ac4f38: Learning cell
Dequeing (+) 0x09ac4f50: Learning cell
Dequeing (+) 0x09ac4f68: Learning cell
Dequeing (+) 0x09ac4b70: Learning cell
Dequeing (+) 0x09ac4b88: Learning cell
Dequeing (+) 0x09ac4ba0: Learning cell
Dequeing (+) 0x09ac4bb8: Learning cell
Dequeing (+) 0x09ac4bd0: Learning cell
Dequeing (+) 0x09ac4be8: Learning cell
Dequeing (+) 0x09ac4c00: Learning cell
Dequeing (+) 0x09ac4c18: Learning cell
Dequeing (+) 0x09ac4c30: Learning cell
Dequeing (+) 0x09ac4c48: Learning cell
Temporal memory updated!

[htmsublayer] NewTimestep()
[htmsublayer] Timestep done.
Learning new object
	activating 8 columns
		col (6,4)
	segment null, creating one.
	connecting to active input cols
		adding syn col (8,12)
		adding syn col (8,15)
		adding syn col (8,16)
		adding syn col (8,17)
		adding syn col (9,12)
		adding syn col (11,26)
		adding syn col (12,26)
		adding syn col (13,11)
		adding syn col (14,11)
		adding syn col (15,11)
		adding syn col (15,27)
		adding syn col (16,11)
		adding syn col (16,27)
		adding syn col (17,11)
		adding syn col (18,11)
		adding syn col (19,11)
		adding syn col (20,11)
		adding syn col (21,11)
		adding syn col (21,23)
		adding syn col (22,11)
		adding syn col (23,11)
		adding syn col (24,11)
		adding syn col (24,27)
		adding syn col (25,11)
		adding syn col (26,11)
		adding syn col (27,11)
		adding syn col (28,11)
		adding syn col (29,11)
		adding syn col (30,11)
		adding syn col (30,32)
		adding syn col (31,11)
		adding syn col (32,11)
		adding syn col (33,11)
		adding syn col (34,11)
		adding syn col (35,11)
		adding syn col (36,11)
		adding syn col (39,29)
		adding syn col (40,12)
		adding syn col (40,26)
		adding syn col (41,15)
		adding syn col (41,16)
		adding syn col (41,17)
		adding syn col (41,18)
		adding syn col (41,19)
		adding syn col (41,20)
		adding syn col (41,21)
		adding syn col (41,22)
		col (9,6)
	segment null, creating one.
	connecting to active input cols
		adding syn col (8,12)
		adding syn col (8,15)
		adding syn col (8,16)
		adding syn col (8,17)
		adding syn col (9,12)
		adding syn col (11,26)
		adding syn col (12,26)
		adding syn col (13,11)
		adding syn col (14,11)
		adding syn col (15,11)
		adding syn col (15,27)
		adding syn col (16,11)
		adding syn col (16,27)
		adding syn col (17,11)
		adding syn col (18,11)
		adding syn col (19,11)
		adding syn col (20,11)
		adding syn col (21,11)
		adding syn col (21,23)
		adding syn col (22,11)
		adding syn col (23,11)
		adding syn col (24,11)
		adding syn col (24,27)
		adding syn col (25,11)
		adding syn col (26,11)
		adding syn col (27,11)
		adding syn col (28,11)
		adding syn col (29,11)
		adding syn col (30,11)
		adding syn col (30,32)
		adding syn col (31,11)
		adding syn col (32,11)
		adding syn col (33,11)
		adding syn col (34,11)
		adding syn col (35,11)
		adding syn col (36,11)
		adding syn col (39,29)
		adding syn col (40,12)
		adding syn col (40,26)
		adding syn col (41,15)
		adding syn col (41,16)
		adding syn col (41,17)
		adding syn col (41,18)
		adding syn col (41,19)
		adding syn col (41,20)
		adding syn col (41,21)
		adding syn col (41,22)
		col (13,6)
	segment null, creating one.
	connecting to active input cols
		adding syn col (8,12)
		adding syn col (8,15)
		adding syn col (8,16)
		adding syn col (8,17)
		adding syn col (9,12)
		adding syn col (11,26)
		adding syn col (12,26)
		adding syn col (13,11)
		adding syn col (14,11)
		adding syn col (15,11)
		adding syn col (15,27)
		adding syn col (16,11)
		adding syn col (16,27)
		adding syn col (17,11)
		adding syn col (18,11)
		adding syn col (19,11)
		adding syn col (20,11)
		adding syn col (21,11)
		adding syn col (21,23)
		adding syn col (22,11)
		adding syn col (23,11)
		adding syn col (24,11)
		adding syn col (24,27)
		adding syn col (25,11)
		adding syn col (26,11)
		adding syn col (27,11)
		adding syn col (28,11)
		adding syn col (29,11)
		adding syn col (30,11)
		adding syn col (30,32)
		adding syn col (31,11)
		adding syn col (32,11)
		adding syn col (33,11)
		adding syn col (34,11)
		adding syn col (35,11)
		adding syn col (36,11)
		adding syn col (39,29)
		adding syn col (40,12)
		adding syn col (40,26)
		adding syn col (41,15)
		adding syn col (41,16)
		adding syn col (41,17)
		adding syn col (41,18)
		adding syn col (41,19)
		adding syn col (41,20)
		adding syn col (41,21)
		adding syn col (41,22)
		col (14,16)
	segment null, creating one.
	connecting to active input cols
		adding syn col (8,12)
		adding syn col (8,15)
		adding syn col (8,16)
		adding syn col (8,17)
		adding syn col (9,12)
		adding syn col (11,26)
		adding syn col (12,26)
		adding syn col (13,11)
		adding syn col (14,11)
		adding syn col (15,11)
		adding syn col (15,27)
		adding syn col (16,11)
		adding syn col (16,27)
		adding syn col (17,11)
		adding syn col (18,11)
		adding syn col (19,11)
		adding syn col (20,11)
		adding syn col (21,11)
		adding syn col (21,23)
		adding syn col (22,11)
		adding syn col (23,11)
		adding syn col (24,11)
		adding syn col (24,27)
		adding syn col (25,11)
		adding syn col (26,11)
		adding syn col (27,11)
		adding syn col (28,11)
		adding syn col (29,11)
		adding syn col (30,11)
		adding syn col (30,32)
		adding syn col (31,11)
		adding syn col (32,11)
		adding syn col (33,11)
		adding syn col (34,11)
		adding syn col (35,11)
		adding syn col (36,11)
		adding syn col (39,29)
		adding syn col (40,12)
		adding syn col (40,26)
		adding syn col (41,15)
		adding syn col (41,16)
		adding syn col (41,17)
		adding syn col (41,18)
		adding syn col (41,19)
		adding syn col (41,20)
		adding syn col (41,21)
		adding syn col (41,22)
		col (17,11)
	segment null, creating one.
	connecting to active input cols
		adding syn col (8,12)
		adding syn col (8,15)
		adding syn col (8,16)
		adding syn col (8,17)
		adding syn col (9,12)
		adding syn col (11,26)
		adding syn col (12,26)
		adding syn col (13,11)
		adding syn col (14,11)
		adding syn col (15,11)
		adding syn col (15,27)
		adding syn col (16,11)
		adding syn col (16,27)
		adding syn col (17,11)
		adding syn col (18,11)
		adding syn col (19,11)
		adding syn col (20,11)
		adding syn col (21,11)
		adding syn col (21,23)
		adding syn col (22,11)
		adding syn col (23,11)
		adding syn col (24,11)
		adding syn col (24,27)
		adding syn col (25,11)
		adding syn col (26,11)
		adding syn col (27,11)
		adding syn col (28,11)
		adding syn col (29,11)
		adding syn col (30,11)
		adding syn col (30,32)
		adding syn col (31,11)
		adding syn col (32,11)
		adding syn col (33,11)
		adding syn col (34,11)
		adding syn col (35,11)
		adding syn col (36,11)
		adding syn col (39,29)
		adding syn col (40,12)
		adding syn col (40,26)
		adding syn col (41,15)
		adding syn col (41,16)
		adding syn col (41,17)
		adding syn col (41,18)
		adding syn col (41,19)
		adding syn col (41,20)
		adding syn col (41,21)
		adding syn col (41,22)
		col (18,2)
	segment null, creating one.
	connecting to active input cols
		adding syn col (8,12)
		adding syn col (8,15)
		adding syn col (8,16)
		adding syn col (8,17)
		adding syn col (9,12)
		adding syn col (11,26)
		adding syn col (12,26)
		adding syn col (13,11)
		adding syn col (14,11)
		adding syn col (15,11)
		adding syn col (15,27)
		adding syn col (16,11)
		adding syn col (16,27)
		adding syn col (17,11)
		adding syn col (18,11)
		adding syn col (19,11)
		adding syn col (20,11)
		adding syn col (21,11)
		adding syn col (21,23)
		adding syn col (22,11)
		adding syn col (23,11)
		adding syn col (24,11)
		adding syn col (24,27)
		adding syn col (25,11)
		adding syn col (26,11)
		adding syn col (27,11)
		adding syn col (28,11)
		adding syn col (29,11)
		adding syn col (30,11)
		adding syn col (30,32)
		adding syn col (31,11)
		adding syn col (32,11)
		adding syn col (33,11)
		adding syn col (34,11)
		adding syn col (35,11)
		adding syn col (36,11)
		adding syn col (39,29)
		adding syn col (40,12)
		adding syn col (40,26)
		adding syn col (41,15)
		adding syn col (41,16)
		adding syn col (41,17)
		adding syn col (41,18)
		adding syn col (41,19)
		adding syn col (41,20)
		adding syn col (41,21)
		adding syn col (41,22)
		col (19,18)
	segment null, creating one.
	connecting to active input cols
		adding syn col (8,12)
		adding syn col (8,15)
		adding syn col (8,16)
		adding syn col (8,17)
		adding syn col (9,12)
		adding syn col (11,26)
		adding syn col (12,26)
		adding syn col (13,11)
		adding syn col (14,11)
		adding syn col (15,11)
		adding syn col (15,27)
		adding syn col (16,11)
		adding syn col (16,27)
		adding syn col (17,11)
		adding syn col (18,11)
		adding syn col (19,11)
		adding syn col (20,11)
		adding syn col (21,11)
		adding syn col (21,23)
		adding syn col (22,11)
		adding syn col (23,11)
		adding syn col (24,11)
		adding syn col (24,27)
		adding syn col (25,11)
		adding syn col (26,11)
		adding syn col (27,11)
		adding syn col (28,11)
		adding syn col (29,11)
		adding syn col (30,11)
		adding syn col (30,32)
		adding syn col (31,11)
		adding syn col (32,11)
		adding syn col (33,11)
		adding syn col (34,11)
		adding syn col (35,11)
		adding syn col (36,11)
		adding syn col (39,29)
		adding syn col (40,12)
		adding syn col (40,26)
		adding syn col (41,15)
		adding syn col (41,16)
		adding syn col (41,17)
		adding syn col (41,18)
		adding syn col (41,19)
		adding syn col (41,20)
		adding syn col (41,21)
		adding syn col (41,22)
		col (23,6)
	segment null, creating one.
	connecting to active input cols
		adding syn col (8,12)
		adding syn col (8,15)
		adding syn col (8,16)
		adding syn col (8,17)
		adding syn col (9,12)
		adding syn col (11,26)
		adding syn col (12,26)
		adding syn col (13,11)
		adding syn col (14,11)
		adding syn col (15,11)
		adding syn col (15,27)
		adding syn col (16,11)
		adding syn col (16,27)
		adding syn col (17,11)
		adding syn col (18,11)
		adding syn col (19,11)
		adding syn col (20,11)
		adding syn col (21,11)
		adding syn col (21,23)
		adding syn col (22,11)
		adding syn col (23,11)
		adding syn col (24,11)
		adding syn col (24,27)
		adding syn col (25,11)
		adding syn col (26,11)
		adding syn col (27,11)
		adding syn col (28,11)
		adding syn col (29,11)
		adding syn col (30,11)
		adding syn col (30,32)
		adding syn col (31,11)
		adding syn col (32,11)
		adding syn col (33,11)
		adding syn col (34,11)
		adding syn col (35,11)
		adding syn col (36,11)
		adding syn col (39,29)
		adding syn col (40,12)
		adding syn col (40,26)
		adding syn col (41,15)
		adding syn col (41,16)
		adding syn col (41,17)
		adding syn col (41,18)
		adding syn col (41,19)
		adding syn col (41,20)
		adding syn col (41,21)
		adding syn col (41,22)
inference
	inputs 47 syns 0
	inputs 47 syns 0
	inputs 47 syns 0
	inputs 47 syns 0
	inputs 47 syns 0
	inputs 47 syns 0
	inputs 47 syns 0
	inputs 47 syns 0
	inputs 47 syns 0
	inputs 47 syns 0
	inputs 47 syns 0
	inputs 47 syns 0
	inputs 47 syns 0
	inputs 47 syns 0
	inputs 47 syns 0
	inputs 47 syns 0
	inputs 47 syns 0
	inputs 47 syns 0
	inputs 47 syns 0
	inputs 47 syns 0
	inputs 47 syns 0
	inputs 47 syns 0
	inputs 47 syns 0
	inputs 47 syns 0
	inputs 47 syns 0
	inputs 47 syns 0
	inputs 47 syns 0
	inputs 47 syns 0
	inputs 47 syns 0
	inputs 47 syns 0
	inputs 47 syns 0
	inputs 47 syns 0
	inputs 47 syns 0
	inputs 47 syns 0
	inputs 47 syns 0
	inputs 47 syns 0
	inputs 47 syns 0
	inputs 47 syns 0
	inputs 47 syns 0
	inputs 47 syns 0
	inputs 47 syns 0
	inputs 47 syns 0
	inputs 47 syns 0
	inputs 47 syns 0
	inputs 47 syns 0
	inputs 47 syns 0
	inputs 47 syns 0
	inputs 47 syns 0
	inputs 47 syns 0
	inputs 47 syns 0
	inputs 47 syns 0
	inputs 47 syns 0
	inputs 47 syns 0
	inputs 47 syns 0
	inputs 47 syns 0
	inputs 47 syns 0
	inputs 47 syns 0
	inputs 47 syns 0
	inputs 47 syns 0
	inputs 47 syns 0
	inputs 47 syns 0
	inputs 47 syns 0
	inputs 47 syns 0
	inputs 47 syns 0
	inputs 47 syns 0
	inputs 47 syns 0
	inputs 47 syns 0
	inputs 47 syns 0
	inputs 47 syns 0
	inputs 47 syns 0
	inputs 47 syns 0
	inputs 47 syns 0
	inputs 47 syns 0
	inputs 47 syns 0
	inputs 47 syns 0
	inputs 47 syns 0
	inputs 47 syns 0
	inputs 47 syns 0
	inputs 47 syns 0
	inputs 47 syns 0
	inputs 47 syns 0
	inputs 47 syns 0
	inputs 47 syns 0
	inputs 47 syns 0
	inputs 47 syns 0
	inputs 47 syns 0
	inputs 47 syns 0
	inputs 47 syns 0
	inputs 47 syns 0
	inputs 47 syns 0
	inputs 47 syns 0
	inputs 47 syns 0
	inputs 47 syns 0
	inputs 47 syns 0
	inputs 47 syns 0
	inputs 47 syns 0
	inputs 47 syns 0
	inputs 47 syns 0
	inputs 47 syns 0
	inputs 47 syns 0
	inputs 47 syns 0
	inputs 47 syns 0
	inputs 47 syns 0
	inputs 47 syns 0
	inputs 47 syns 0
	inputs 47 syns 0
	inputs 47 syns 0
	inputs 47 syns 0
	inputs 47 syns 0
	inputs 47 syns 0
	inputs 47 syns 0
	inputs 47 syns 0
	inputs 47 syns 0
	inputs 47 syns 0
	inputs 47 syns 0
	inputs 47 syns 0
	inputs 47 syns 0
	inputs 47 syns 0
	inputs 47 syns 0
	inputs 47 syns 0
	inputs 47 syns 0
	inputs 47 syns 0
	inputs 47 syns 0
	inputs 47 syns 0
	inputs 47 syns 0
	inputs 47 syns 0
	inputs 47 syns 0
	inputs 47 syns 0
	inputs 47 syns 0
	inputs 47 syns 0
	inputs 47 syns 0
	inputs 47 syns 0
	inputs 47 syns 0
	inputs 47 syns 0
	inputs 47 syns 0
	inputs 47 syns 0
	inputs 47 syns 0
	inputs 47 syns 0
	inputs 47 syns 0
	inputs 47 syns 0
	inputs 47 syns 0
	inputs 47 syns 0
	inputs 47 syns 0
	inputs 47 syns 0
	inputs 47 syns 0
	inputs 47 syns 0
	inputs 47 syns 0
	inputs 47 syns 0
	dendrite col (6,4)
	0 syns
	inputs 47 syns 0
	inputs 47 syns 0
	inputs 47 syns 0
	inputs 47 syns 0
	inputs 47 syns 0
	inputs 47 syns 0
	inputs 47 syns 0
	inputs 47 syns 0
	inputs 47 syns 0
	inputs 47 syns 0
	inputs 47 syns 0
	inputs 47 syns 0
	inputs 47 syns 0
	inputs 47 syns 0
	inputs 47 syns 0
	inputs 47 syns 0
	inputs 47 syns 0
	inputs 47 syns 0
	inputs 47 syns 0
	inputs 47 syns 0
	inputs 47 syns 0
	inputs 47 syns 0
	inputs 47 syns 0
	inputs 47 syns 0
	inputs 47 syns 0
	inputs 47 syns 0
	inputs 47 syns 0
	inputs 47 syns 0
	inputs 47 syns 0
	inputs 47 syns 0
	inputs 47 syns 0
	inputs 47 syns 0
	inputs 47 syns 0
	inputs 47 syns 0
	inputs 47 syns 0
	inputs 47 syns 0
	inputs 47 syns 0
	inputs 47 syns 0
	inputs 47 syns 0
	inputs 47 syns 0
	inputs 47 syns 0
	inputs 47 syns 0
	inputs 47 syns 0
	inputs 47 syns 0
	inputs 47 syns 0
	inputs 47 syns 0
	inputs 47 syns 0
	inputs 47 syns 0
	inputs 47 syns 0
	inputs 47 syns 0
	inputs 47 syns 0
	inputs 47 syns 0
	inputs 47 syns 0
	inputs 47 syns 0
	inputs 47 syns 0
	inputs 47 syns 0
	inputs 47 syns 0
	inputs 47 syns 0
	inputs 47 syns 0
	inputs 47 syns 0
	inputs 47 syns 0
	inputs 47 syns 0
	inputs 47 syns 0
	inputs 47 syns 0
	inputs 47 syns 0
	inputs 47 syns 0
	inputs 47 syns 0
	inputs 47 syns 0
	inputs 47 syns 0
	inputs 47 syns 0
	inputs 47 syns 0
	inputs 47 syns 0
	inputs 47 syns 0
	inputs 47 syns 0
	dendrite col (9,6)
	0 syns
	inputs 47 syns 0
	inputs 47 syns 0
	inputs 47 syns 0
	inputs 47 syns 0
	inputs 47 syns 0
	inputs 47 syns 0
	inputs 47 syns 0
	inputs 47 syns 0
	inputs 47 syns 0
	inputs 47 syns 0
	inputs 47 syns 0
	inputs 47 syns 0
	inputs 47 syns 0
	inputs 47 syns 0
	inputs 47 syns 0
	inputs 47 syns 0
	inputs 47 syns 0
	inputs 47 syns 0
	inputs 47 syns 0
	inputs 47 syns 0
	inputs 47 syns 0
	inputs 47 syns 0
	inputs 47 syns 0
	inputs 47 syns 0
	inputs 47 syns 0
	inputs 47 syns 0
	inputs 47 syns 0
	inputs 47 syns 0
	inputs 47 syns 0
	inputs 47 syns 0
	inputs 47 syns 0
	inputs 47 syns 0
	inputs 47 syns 0
	inputs 47 syns 0
	inputs 47 syns 0
	inputs 47 syns 0
	inputs 47 syns 0
	inputs 47 syns 0
	inputs 47 syns 0
	inputs 47 syns 0
	inputs 47 syns 0
	inputs 47 syns 0
	inputs 47 syns 0
	inputs 47 syns 0
	inputs 47 syns 0
	inputs 47 syns 0
	inputs 47 syns 0
	inputs 47 syns 0
	inputs 47 syns 0
	inputs 47 syns 0
	inputs 47 syns 0
	inputs 47 syns 0
	inputs 47 syns 0
	inputs 47 syns 0
	inputs 47 syns 0
	inputs 47 syns 0
	inputs 47 syns 0
	inputs 47 syns 0
	inputs 47 syns 0
	inputs 47 syns 0
	inputs 47 syns 0
	inputs 47 syns 0
	inputs 47 syns 0
	inputs 47 syns 0
	inputs 47 syns 0
	inputs 47 syns 0
	inputs 47 syns 0
	inputs 47 syns 0
	inputs 47 syns 0
	inputs 47 syns 0
	inputs 47 syns 0
	inputs 47 syns 0
	inputs 47 syns 0
	inputs 47 syns 0
	inputs 47 syns 0
	inputs 47 syns 0
	inputs 47 syns 0
	inputs 47 syns 0
	inputs 47 syns 0
	inputs 47 syns 0
	inputs 47 syns 0
	inputs 47 syns 0
	inputs 47 syns 0
	inputs 47 syns 0
	inputs 47 syns 0
	inputs 47 syns 0
	inputs 47 syns 0
	inputs 47 syns 0
	inputs 47 syns 0
	inputs 47 syns 0
	inputs 47 syns 0
	inputs 47 syns 0
	inputs 47 syns 0
	inputs 47 syns 0
	inputs 47 syns 0
	inputs 47 syns 0
	dendrite col (13,6)
	0 syns
	inputs 47 syns 0
	inputs 47 syns 0
	inputs 47 syns 0
	inputs 47 syns 0
	inputs 47 syns 0
	inputs 47 syns 0
	inputs 47 syns 0
	inputs 47 syns 0
	inputs 47 syns 0
	inputs 47 syns 0
	inputs 47 syns 0
	inputs 47 syns 0
	inputs 47 syns 0
	inputs 47 syns 0
	inputs 47 syns 0
	inputs 47 syns 0
	inputs 47 syns 0
	inputs 47 syns 0
	inputs 47 syns 0
	inputs 47 syns 0
	inputs 47 syns 0
	inputs 47 syns 0
	inputs 47 syns 0
	inputs 47 syns 0
	inputs 47 syns 0
	inputs 47 syns 0
	inputs 47 syns 0
	inputs 47 syns 0
	inputs 47 syns 0
	inputs 47 syns 0
	inputs 47 syns 0
	inputs 47 syns 0
	inputs 47 syns 0
	inputs 47 syns 0
	dendrite col (14,16)
	0 syns
	inputs 47 syns 0
	inputs 47 syns 0
	inputs 47 syns 0
	inputs 47 syns 0
	inputs 47 syns 0
	inputs 47 syns 0
	inputs 47 syns 0
	inputs 47 syns 0
	inputs 47 syns 0
	inputs 47 syns 0
	inputs 47 syns 0
	inputs 47 syns 0
	inputs 47 syns 0
	inputs 47 syns 0
	inputs 47 syns 0
	inputs 47 syns 0
	inputs 47 syns 0
	inputs 47 syns 0
	inputs 47 syns 0
	inputs 47 syns 0
	inputs 47 syns 0
	inputs 47 syns 0
	inputs 47 syns 0
	inputs 47 syns 0
	inputs 47 syns 0
	inputs 47 syns 0
	inputs 47 syns 0
	inputs 47 syns 0
	inputs 47 syns 0
	inputs 47 syns 0
	inputs 47 syns 0
	inputs 47 syns 0
	inputs 47 syns 0
	inputs 47 syns 0
	inputs 47 syns 0
	inputs 47 syns 0
	inputs 47 syns 0
	inputs 47 syns 0
	inputs 47 syns 0
	inputs 47 syns 0
	inputs 47 syns 0
	inputs 47 syns 0
	inputs 47 syns 0
	inputs 47 syns 0
	inputs 47 syns 0
	inputs 47 syns 0
	inputs 47 syns 0
	inputs 47 syns 0
	inputs 47 syns 0
	inputs 47 syns 0
	inputs 47 syns 0
	inputs 47 syns 0
	inputs 47 syns 0
	inputs 47 syns 0
	inputs 47 syns 0
	inputs 47 syns 0
	inputs 47 syns 0
	inputs 47 syns 0
	inputs 47 syns 0
	inputs 47 syns 0
	inputs 47 syns 0
	inputs 47 syns 0
	inputs 47 syns 0
	inputs 47 syns 0
	inputs 47 syns 0
	inputs 47 syns 0
	inputs 47 syns 0
	dendrite col (17,11)
	0 syns
	inputs 47 syns 0
	inputs 47 syns 0
	inputs 47 syns 0
	inputs 47 syns 0
	inputs 47 syns 0
	inputs 47 syns 0
	inputs 47 syns 0
	inputs 47 syns 0
	inputs 47 syns 0
	inputs 47 syns 0
	inputs 47 syns 0
	inputs 47 syns 0
	inputs 47 syns 0
	inputs 47 syns 0
	inputs 47 syns 0
	dendrite col (18,2)
	0 syns
	inputs 47 syns 0
	inputs 47 syns 0
	inputs 47 syns 0
	inputs 47 syns 0
	inputs 47 syns 0
	inputs 47 syns 0
	inputs 47 syns 0
	inputs 47 syns 0
	inputs 47 syns 0
	inputs 47 syns 0
	inputs 47 syns 0
	inputs 47 syns 0
	inputs 47 syns 0
	inputs 47 syns 0
	inputs 47 syns 0
	inputs 47 syns 0
	inputs 47 syns 0
	inputs 47 syns 0
	inputs 47 syns 0
	inputs 47 syns 0
	inputs 47 syns 0
	inputs 47 syns 0
	inputs 47 syns 0
	inputs 47 syns 0
	inputs 47 syns 0
	inputs 47 syns 0
	inputs 47 syns 0
	inputs 47 syns 0
	inputs 47 syns 0
	inputs 47 syns 0
	inputs 47 syns 0
	inputs 47 syns 0
	inputs 47 syns 0
	inputs 47 syns 0
	inputs 47 syns 0
	inputs 47 syns 0
	inputs 47 syns 0
	inputs 47 syns 0
	inputs 47 syns 0
	inputs 47 syns 0
	dendrite col (19,18)
	0 syns
	inputs 47 syns 0
	inputs 47 syns 0
	inputs 47 syns 0
	inputs 47 syns 0
	inputs 47 syns 0
	inputs 47 syns 0
	inputs 47 syns 0
	inputs 47 syns 0
	inputs 47 syns 0
	inputs 47 syns 0
	inputs 47 syns 0
	inputs 47 syns 0
	inputs 47 syns 0
	inputs 47 syns 0
	inputs 47 syns 0
	inputs 47 syns 0
	inputs 47 syns 0
	inputs 47 syns 0
	inputs 47 syns 0
	inputs 47 syns 0
	inputs 47 syns 0
	inputs 47 syns 0
	inputs 47 syns 0
	inputs 47 syns 0
	inputs 47 syns 0
	inputs 47 syns 0
	inputs 47 syns 0
	inputs 47 syns 0
	inputs 47 syns 0
	inputs 47 syns 0
	inputs 47 syns 0
	inputs 47 syns 0
	inputs 47 syns 0
	inputs 47 syns 0
	inputs 47 syns 0
	inputs 47 syns 0
	inputs 47 syns 0
	inputs 47 syns 0
	inputs 47 syns 0
	inputs 47 syns 0
	inputs 47 syns 0
	inputs 47 syns 0
	inputs 47 syns 0
	inputs 47 syns 0
	inputs 47 syns 0
	inputs 47 syns 0
	inputs 47 syns 0
	inputs 47 syns 0
	inputs 47 syns 0
	inputs 47 syns 0
	inputs 47 syns 0
	inputs 47 syns 0
	inputs 47 syns 0
	inputs 47 syns 0
	inputs 47 syns 0
	inputs 47 syns 0
	inputs 47 syns 0
	inputs 47 syns 0
	inputs 47 syns 0
	inputs 47 syns 0
	inputs 47 syns 0
	inputs 47 syns 0
	inputs 47 syns 0
	inputs 47 syns 0
	inputs 47 syns 0
	inputs 47 syns 0
	inputs 47 syns 0
	inputs 47 syns 0
	inputs 47 syns 0
	inputs 47 syns 0
	inputs 47 syns 0
	inputs 47 syns 0
	inputs 47 syns 0
	inputs 47 syns 0
	inputs 47 syns 0
	inputs 47 syns 0
	inputs 47 syns 0
	inputs 47 syns 0
	inputs 47 syns 0
	inputs 47 syns 0
	inputs 47 syns 0
	inputs 47 syns 0
	inputs 47 syns 0
	inputs 47 syns 0
	dendrite col (23,6)
	0 syns
	inputs 47 syns 0
	inputs 47 syns 0
	inputs 47 syns 0
	inputs 47 syns 0
	inputs 47 syns 0
	inputs 47 syns 0
	inputs 47 syns 0
	inputs 47 syns 0
	inputs 47 syns 0
	inputs 47 syns 0
	inputs 47 syns 0
	inputs 47 syns 0
	inputs 47 syns 0
	inputs 47 syns 0
	inputs 47 syns 0
	inputs 47 syns 0
	inputs 47 syns 0
	inputs 47 syns 0
[*] Consuming next input pattern
